빌드 시작: 2016-12-15 오후 11:46:35
     1>2 노드의 "D:\Projects\BlindSlayer\cocos2d\cocos\2d\libcocos2d.vcxproj" 프로젝트(Build 대상)입니다.
     1>PreLinkEvent:
         if not exist "D:\Projects\BlindSlayer\proj.win32\Debug.win32\" mkdir "D:\Projects\BlindSlayer\proj.win32\Debug.win32\"
         xcopy /Y /Q "D:\Projects\BlindSlayer\cocos2d\cocos\2d\..\..\external\freetype2\prebuilt\win32\*.*" "D:\Projects\BlindSlayer\proj.win32\Debug.win32\"
         xcopy /Y /Q "D:\Projects\BlindSlayer\cocos2d\cocos\2d\..\..\external\glfw3\prebuilt\win32\*.*" "D:\Projects\BlindSlayer\proj.win32\Debug.win32\"
         xcopy /Y /Q "D:\Projects\BlindSlayer\cocos2d\cocos\2d\..\..\external\curl\prebuilt\win32\*.*" "D:\Projects\BlindSlayer\proj.win32\Debug.win32\"
         xcopy /Y /Q "D:\Projects\BlindSlayer\cocos2d\cocos\2d\..\..\external\jpeg\prebuilt\win32\*.*" "D:\Projects\BlindSlayer\proj.win32\Debug.win32\"
         xcopy /Y /Q "D:\Projects\BlindSlayer\cocos2d\cocos\2d\..\..\external\png\prebuilt\win32\*.*" "D:\Projects\BlindSlayer\proj.win32\Debug.win32\"
         xcopy /Y /Q "D:\Projects\BlindSlayer\cocos2d\cocos\2d\..\..\external\tiff\prebuilt\win32\*.*" "D:\Projects\BlindSlayer\proj.win32\Debug.win32\"
         xcopy /Y /Q "D:\Projects\BlindSlayer\cocos2d\cocos\2d\..\..\external\webp\prebuilt\win32\*.*" "D:\Projects\BlindSlayer\proj.win32\Debug.win32\"
         xcopy /Y /Q "D:\Projects\BlindSlayer\cocos2d\cocos\2d\..\..\external\websockets\prebuilt\win32\*.*" "D:\Projects\BlindSlayer\proj.win32\Debug.win32\"
         xcopy /Y /Q "D:\Projects\BlindSlayer\cocos2d\cocos\2d\..\..\external\win32-specific\zlib\prebuilt\*.*" "D:\Projects\BlindSlayer\proj.win32\Debug.win32\"
         xcopy /Y /Q "D:\Projects\BlindSlayer\cocos2d\cocos\2d\..\..\external\win32-specific\icon\prebuilt\*.*" "D:\Projects\BlindSlayer\proj.win32\Debug.win32\"
         xcopy /Y /Q "D:\Projects\BlindSlayer\cocos2d\cocos\2d\..\..\external\win32-specific\gles\prebuilt\*.*" "D:\Projects\BlindSlayer\proj.win32\Debug.win32\"
         xcopy /Y /Q "D:\Projects\BlindSlayer\cocos2d\cocos\2d\..\..\external\win32-specific\OpenalSoft\prebuilt\*.*" "D:\Projects\BlindSlayer\proj.win32\Debug.win32\"
         xcopy /Y /Q "D:\Projects\BlindSlayer\cocos2d\cocos\2d\..\..\external\win32-specific\MP3Decoder\prebuilt\*.*" "D:\Projects\BlindSlayer\proj.win32\Debug.win32\"
         xcopy /Y /Q "D:\Projects\BlindSlayer\cocos2d\cocos\2d\..\..\external\win32-specific\OggDecoder\prebuilt\*.*" "D:\Projects\BlindSlayer\proj.win32\Debug.win32\"
         xcopy /Y /Q "D:\Projects\BlindSlayer\cocos2d\cocos\2d\..\..\external\sqlite3\libraries\win32\*.*" "D:\Projects\BlindSlayer\proj.win32\Debug.win32\"
         xcopy /Y /Q "D:\Projects\BlindSlayer\cocos2d\cocos\2d\..\..\external\chipmunk\prebuilt\win32\debug-lib\*.*" "D:\Projects\BlindSlayer\proj.win32\Debug.win32\"
         :VCEnd
         1개 파일이 복사되었습니다.
         2개 파일이 복사되었습니다.
         4개 파일이 복사되었습니다.
         2개 파일이 복사되었습니다.
         2개 파일이 복사되었습니다.
         3개 파일이 복사되었습니다.
         1개 파일이 복사되었습니다.
         1개 파일이 복사되었습니다.
         2개 파일이 복사되었습니다.
         2개 파일이 복사되었습니다.
         2개 파일이 복사되었습니다.
         2개 파일이 복사되었습니다.
         2개 파일이 복사되었습니다.
         6개 파일이 복사되었습니다.
         2개 파일이 복사되었습니다.
         2개 파일이 복사되었습니다.
       Link:
         libcocos2d.vcxproj -> D:\Projects\BlindSlayer\proj.win32\Debug.win32\libcocos2d.dll
     1>"D:\Projects\BlindSlayer\cocos2d\cocos\2d\libcocos2d.vcxproj" 프로젝트를 빌드했습니다(Build 대상).

빌드했습니다.

경과 시간: 00:00:00.83
